# JRE version: OpenJDK Runtime Environment (11.0.4+11) (build 11.0.4+11)
# Java VM: OpenJDK 64-Bit Server VM (11.0.4+11, mixed mode, tiered, compressed oops, g1 gc, bsd-amd64)
Heap:
 garbage-first heap   total 1048576K, used 278068K [0x0000000400000000, 0x0000000800000000)
  region size 4096K, 68 young (278528K), 7 survivors (28672K)
 Metaspace       used 52088K, capacity 54306K, committed 54476K, reserved 1095680K
  class space    used 6798K, capacity 7833K, committed 7884K, reserved 1048576K
GC Heap History (10 events):
Event: 0.828 GC heap before
{Heap before GC invocations=1 (full 0):
 garbage-first heap   total 1048576K, used 50632K [0x0000000400000000, 0x0000000800000000)
  region size 4096K, 12 young (49152K), 2 survivors (8192K)
 Metaspace       used 13415K, capacity 13562K, committed 13952K, reserved 1062912K
  class space    used 1264K, capacity 1313K, committed 1408K, reserved 1048576K
}
Event: 0.832 GC heap after
{Heap after GC invocations=2 (full 0):
 garbage-first heap   total 1048576K, used 11315K [0x0000000400000000, 0x0000000800000000)
  region size 4096K, 1 young (4096K), 1 survivors (4096K)
 Metaspace       used 13415K, capacity 13562K, committed 13952K, reserved 1062912K
  class space    used 1264K, capacity 1313K, committed 1408K, reserved 1048576K
}
Event: 1.214 GC heap before
{Heap before GC invocations=2 (full 0):
 garbage-first heap   total 1048576K, used 72755K [0x0000000400000000, 0x0000000800000000)
  region size 4096K, 16 young (65536K), 1 survivors (4096K)
 Metaspace       used 17149K, capacity 17427K, committed 17792K, reserved 1064960K
  class space    used 1694K, capacity 1805K, committed 1920K, reserved 1048576K
}
Event: 1.216 GC heap after
{Heap after GC invocations=3 (full 0):
 garbage-first heap   total 1048576K, used 13495K [0x0000000400000000, 0x0000000800000000)
  region size 4096K, 2 young (8192K), 2 survivors (8192K)
 Metaspace       used 17149K, capacity 17427K, committed 17792K, reserved 1064960K
  class space    used 1694K, capacity 1805K, committed 1920K, reserved 1048576K
}
Event: 1.584 GC heap before
{Heap before GC invocations=3 (full 0):
 garbage-first heap   total 1048576K, used 79031K [0x0000000400000000, 0x0000000800000000)
  region size 4096K, 19 young (77824K), 2 survivors (8192K)
 Metaspace       used 20632K, capacity 20940K, committed 21248K, reserved 1069056K
  class space    used 2007K, capacity 2178K, committed 2304K, reserved 1048576K
}
Event: 1.587 GC heap after
{Heap after GC invocations=4 (full 0):
 garbage-first heap   total 1048576K, used 15102K [0x0000000400000000, 0x0000000800000000)
  region size 4096K, 2 young (8192K), 2 survivors (8192K)
 Metaspace       used 20632K, capacity 20940K, committed 21248K, reserved 1069056K
  class space    used 2007K, capacity 2178K, committed 2304K, reserved 1048576K
}
Event: 3.136 GC heap before
{Heap before GC invocations=5 (full 0):
 garbage-first heap   total 1048576K, used 293630K [0x0000000400000000, 0x0000000800000000)
  region size 4096K, 71 young (290816K), 2 survivors (8192K)
 Metaspace       used 34458K, capacity 35612K, committed 35840K, reserved 1081344K
  class space    used 4207K, capacity 4734K, committed 4736K, reserved 1048576K
}
Event: 3.144 GC heap after
{Heap after GC invocations=6 (full 0):
 garbage-first heap   total 1048576K, used 25662K [0x0000000400000000, 0x0000000800000000)
  region size 4096K, 4 young (16384K), 4 survivors (16384K)
 Metaspace       used 34458K, capacity 35612K, committed 35840K, reserved 1081344K
  class space    used 4207K, capacity 4734K, committed 4736K, reserved 1048576K
}
Event: 4.585 GC heap before
{Heap before GC invocations=7 (full 0):
 garbage-first heap   total 1048576K, used 349246K [0x0000000400000000, 0x0000000800000000)
  region size 4096K, 84 young (344064K), 4 survivors (16384K)
 Metaspace       used 44613K, capacity 46438K, committed 46668K, reserved 1089536K
  class space    used 5792K, capacity 6687K, committed 6732K, reserved 1048576K
}
Event: 4.596 GC heap after
{Heap after GC invocations=8 (full 0):
 garbage-first heap   total 1048576K, used 36404K [0x0000000400000000, 0x0000000800000000)
  region size 4096K, 7 young (28672K), 7 survivors (28672K)
 Metaspace       used 44613K, capacity 46438K, committed 46668K, reserved 1089536K
  class space    used 5792K, capacity 6687K, committed 6732K, reserved 1048576K
}

