# JRE version: OpenJDK Runtime Environment (11.0.11+9) (build 11.0.11+9-LTS)
# Java VM: OpenJDK 64-Bit Server VM (11.0.11+9-LTS, mixed mode, tiered, compressed oops, g1 gc, bsd-amd64)
Heap:
 garbage-first heap   total 630784K, used 173547K [0x0000000600000000, 0x0000000800000000)
  region size 2048K, 83 young (169984K), 15 survivors (30720K)
 Metaspace       used 102998K, capacity 106986K, committed 107180K, reserved 1140736K
  class space    used 13885K, capacity 15936K, committed 16044K, reserved 1048576K
GC Heap History (14 events):
Event: 1.007 GC heap before
{Heap before GC invocations=0 (full 0):
 garbage-first heap   total 524288K, used 24576K [0x0000000600000000, 0x0000000800000000)
  region size 2048K, 12 young (24576K), 0 survivors (0K)
 Metaspace       used 13079K, capacity 13372K, committed 13568K, reserved 1060864K
  class space    used 1355K, capacity 1470K, committed 1536K, reserved 1048576K
}
Event: 1.018 GC heap after
{Heap after GC invocations=1 (full 0):
 garbage-first heap   total 524288K, used 6105K [0x0000000600000000, 0x0000000800000000)
  region size 2048K, 2 young (4096K), 2 survivors (4096K)
 Metaspace       used 13079K, capacity 13372K, committed 13568K, reserved 1060864K
  class space    used 1355K, capacity 1470K, committed 1536K, reserved 1048576K
}
Event: 1.721 GC heap before
{Heap before GC invocations=1 (full 0):
 garbage-first heap   total 524288K, used 32729K [0x0000000600000000, 0x0000000800000000)
  region size 2048K, 16 young (32768K), 2 survivors (4096K)
 Metaspace       used 20713K, capacity 21074K, committed 21248K, reserved 1069056K
  class space    used 2372K, capacity 2517K, committed 2560K, reserved 1048576K
}
Event: 1.741 GC heap after
{Heap after GC invocations=2 (full 0):
 garbage-first heap   total 524288K, used 8211K [0x0000000600000000, 0x0000000800000000)
  region size 2048K, 4 young (8192K), 4 survivors (8192K)
 Metaspace       used 20713K, capacity 21074K, committed 21248K, reserved 1069056K
  class space    used 2372K, capacity 2517K, committed 2560K, reserved 1048576K
}
Event: 2.186 GC heap before
{Heap before GC invocations=3 (full 0):
 garbage-first heap   total 524288K, used 45075K [0x0000000600000000, 0x0000000800000000)
  region size 2048K, 22 young (45056K), 4 survivors (8192K)
 Metaspace       used 30373K, capacity 30939K, committed 31232K, reserved 1077248K
  class space    used 3574K, capacity 3783K, committed 3840K, reserved 1048576K
}
Event: 2.196 GC heap after
{Heap after GC invocations=4 (full 0):
 garbage-first heap   total 524288K, used 9490K [0x0000000600000000, 0x0000000800000000)
  region size 2048K, 2 young (4096K), 2 survivors (4096K)
 Metaspace       used 30373K, capacity 30939K, committed 31232K, reserved 1077248K
  class space    used 3574K, capacity 3783K, committed 3840K, reserved 1048576K
}
Event: 2.892 GC heap before
{Heap before GC invocations=4 (full 0):
 garbage-first heap   total 524288K, used 29970K [0x0000000600000000, 0x0000000800000000)
  region size 2048K, 13 young (26624K), 2 survivors (4096K)
 Metaspace       used 35024K, capacity 35718K, committed 35840K, reserved 1081344K
  class space    used 4197K, capacity 4469K, committed 4480K, reserved 1048576K
}
Event: 2.908 GC heap after
{Heap after GC invocations=5 (full 0):
 garbage-first heap   total 524288K, used 11150K [0x0000000600000000, 0x0000000800000000)
  region size 2048K, 3 young (6144K), 3 survivors (6144K)
 Metaspace       used 35024K, capacity 35718K, committed 35840K, reserved 1081344K
  class space    used 4197K, capacity 4469K, committed 4480K, reserved 1048576K
}
Event: 4.176 GC heap before
{Heap before GC invocations=6 (full 0):
 garbage-first heap   total 524288K, used 129934K [0x0000000600000000, 0x0000000800000000)
  region size 2048K, 61 young (124928K), 3 survivors (6144K)
 Metaspace       used 48142K, capacity 49114K, committed 49280K, reserved 1091584K
  class space    used 6024K, capacity 6473K, committed 6528K, reserved 1048576K
}
Event: 4.187 GC heap after
{Heap after GC invocations=7 (full 0):
 garbage-first heap   total 630784K, used 18512K [0x0000000600000000, 0x0000000800000000)
  region size 2048K, 7 young (14336K), 7 survivors (14336K)
 Metaspace       used 48142K, capacity 49114K, committed 49280K, reserved 1091584K
  class space    used 6024K, capacity 6473K, committed 6528K, reserved 1048576K
}
Event: 5.108 GC heap before
{Heap before GC invocations=7 (full 0):
 garbage-first heap   total 630784K, used 82000K [0x0000000600000000, 0x0000000800000000)
  region size 2048K, 40 young (81920K), 7 survivors (14336K)
 Metaspace       used 58231K, capacity 59641K, committed 59904K, reserved 1101824K
  class space    used 7395K, capacity 8121K, committed 8192K, reserved 1048576K
}
Event: 5.124 GC heap after
{Heap after GC invocations=8 (full 0):
 garbage-first heap   total 630784K, used 17105K [0x0000000600000000, 0x0000000800000000)
  region size 2048K, 6 young (12288K), 6 survivors (12288K)
 Metaspace       used 58231K, capacity 59641K, committed 59904K, reserved 1101824K
  class space    used 7395K, capacity 8121K, committed 8192K, reserved 1048576K
}
Event: 10.665 GC heap before
{Heap before GC invocations=9 (full 0):
 garbage-first heap   total 630784K, used 187089K [0x0000000600000000, 0x0000000800000000)
  region size 2048K, 89 young (182272K), 6 survivors (12288K)
 Metaspace       used 96727K, capacity 100157K, committed 100268K, reserved 1134592K
  class space    used 13023K, capacity 14740K, committed 14764K, reserved 1048576K
}
Event: 10.703 GC heap after
{Heap after GC invocations=10 (full 0):
 garbage-first heap   total 630784K, used 38379K [0x0000000600000000, 0x0000000800000000)
  region size 2048K, 15 young (30720K), 15 survivors (30720K)
 Metaspace       used 96727K, capacity 100157K, committed 100268K, reserved 1134592K
  class space    used 13023K, capacity 14740K, committed 14764K, reserved 1048576K
}

