# JRE version: OpenJDK Runtime Environment (11.0.11+9) (build 11.0.11+9-LTS)
# Java VM: OpenJDK 64-Bit Server VM (11.0.11+9-LTS, mixed mode, tiered, compressed oops, g1 gc, bsd-amd64)
Heap:
 garbage-first heap   total 647168K, used 356549K [0x0000000600000000, 0x0000000800000000)
  region size 2048K, 151 young (309248K), 17 survivors (34816K)
 Metaspace       used 108968K, capacity 113348K, committed 113624K, reserved 1146880K
  class space    used 14129K, capacity 16244K, committed 16344K, reserved 1048576K
GC Heap History (20 events):
Event: 2.494 GC heap before
{Heap before GC invocations=3 (full 0):
 garbage-first heap   total 524288K, used 51120K [0x0000000600000000, 0x0000000800000000)
  region size 2048K, 26 young (53248K), 4 survivors (8192K)
 Metaspace       used 30456K, capacity 30990K, committed 31488K, reserved 1077248K
  class space    used 3512K, capacity 3726K, committed 3840K, reserved 1048576K
}
Event: 2.505 GC heap after
{Heap after GC invocations=4 (full 0):
 garbage-first heap   total 524288K, used 9546K [0x0000000600000000, 0x0000000800000000)
  region size 2048K, 3 young (6144K), 3 survivors (6144K)
 Metaspace       used 30456K, capacity 30990K, committed 31488K, reserved 1077248K
  class space    used 3512K, capacity 3726K, committed 3840K, reserved 1048576K
}
Event: 3.226 GC heap before
{Heap before GC invocations=4 (full 0):
 garbage-first heap   total 524288K, used 30026K [0x0000000600000000, 0x0000000800000000)
  region size 2048K, 15 young (30720K), 3 survivors (6144K)
 Metaspace       used 35040K, capacity 35679K, committed 35840K, reserved 1081344K
  class space    used 4144K, capacity 4442K, committed 4480K, reserved 1048576K
}
Event: 3.235 GC heap after
{Heap after GC invocations=5 (full 0):
 garbage-first heap   total 524288K, used 10810K [0x0000000600000000, 0x0000000800000000)
  region size 2048K, 3 young (6144K), 3 survivors (6144K)
 Metaspace       used 35040K, capacity 35679K, committed 35840K, reserved 1081344K
  class space    used 4144K, capacity 4442K, committed 4480K, reserved 1048576K
}
Event: 4.445 GC heap before
{Heap before GC invocations=6 (full 0):
 garbage-first heap   total 524288K, used 102970K [0x0000000600000000, 0x0000000800000000)
  region size 2048K, 48 young (98304K), 3 survivors (6144K)
 Metaspace       used 48653K, capacity 49639K, committed 50048K, reserved 1093632K
  class space    used 6022K, capacity 6469K, committed 6528K, reserved 1048576K
}
Event: 4.459 GC heap after
{Heap after GC invocations=7 (full 0):
 garbage-first heap   total 647168K, used 16454K [0x0000000600000000, 0x0000000800000000)
  region size 2048K, 6 young (12288K), 6 survivors (12288K)
 Metaspace       used 48653K, capacity 49639K, committed 50048K, reserved 1093632K
  class space    used 6022K, capacity 6469K, committed 6528K, reserved 1048576K
}
Event: 5.463 GC heap before
{Heap before GC invocations=7 (full 0):
 garbage-first heap   total 647168K, used 122950K [0x0000000600000000, 0x0000000800000000)
  region size 2048K, 60 young (122880K), 6 survivors (12288K)
 Metaspace       used 58552K, capacity 59960K, committed 60160K, reserved 1101824K
  class space    used 7358K, capacity 8093K, committed 8192K, reserved 1048576K
}
Event: 5.481 GC heap after
{Heap after GC invocations=8 (full 0):
 garbage-first heap   total 647168K, used 17450K [0x0000000600000000, 0x0000000800000000)
  region size 2048K, 5 young (10240K), 5 survivors (10240K)
 Metaspace       used 58552K, capacity 59960K, committed 60160K, reserved 1101824K
  class space    used 7358K, capacity 8093K, committed 8192K, reserved 1048576K
}
Event: 10.998 GC heap before
{Heap before GC invocations=9 (full 0):
 garbage-first heap   total 647168K, used 209962K [0x0000000600000000, 0x0000000800000000)
  region size 2048K, 99 young (202752K), 5 survivors (10240K)
 Metaspace       used 97251K, capacity 100637K, committed 100696K, reserved 1134592K
  class space    used 12914K, capacity 14653K, committed 14680K, reserved 1048576K
}
Event: 11.030 GC heap after
{Heap after GC invocations=10 (full 0):
 garbage-first heap   total 647168K, used 38419K [0x0000000600000000, 0x0000000800000000)
  region size 2048K, 13 young (26624K), 13 survivors (26624K)
 Metaspace       used 97251K, capacity 100637K, committed 100696K, reserved 1134592K
  class space    used 12914K, capacity 14653K, committed 14680K, reserved 1048576K
}
Event: 604.178 GC heap before
{Heap before GC invocations=11 (full 0):
 garbage-first heap   total 647168K, used 286227K [0x0000000600000000, 0x0000000800000000)
  region size 2048K, 132 young (270336K), 13 survivors (26624K)
 Metaspace       used 106915K, capacity 111186K, committed 111320K, reserved 1144832K
  class space    used 14126K, capacity 16241K, committed 16344K, reserved 1048576K
}
Event: 604.234 GC heap after
{Heap after GC invocations=12 (full 0):
 garbage-first heap   total 647168K, used 63740K [0x0000000600000000, 0x0000000800000000)
  region size 2048K, 12 young (24576K), 12 survivors (24576K)
 Metaspace       used 106915K, capacity 111186K, committed 111320K, reserved 1144832K
  class space    used 14126K, capacity 16241K, committed 16344K, reserved 1048576K
}
Event: 1619.735 GC heap before
{Heap before GC invocations=12 (full 0):
 garbage-first heap   total 647168K, used 360700K [0x0000000600000000, 0x0000000800000000)
  region size 2048K, 157 young (321536K), 12 survivors (24576K)
 Metaspace       used 108025K, capacity 112361K, committed 112600K, reserved 1144832K
  class space    used 14128K, capacity 16244K, committed 16344K, reserved 1048576K
}
Event: 1619.756 GC heap after
{Heap after GC invocations=13 (full 0):
 garbage-first heap   total 647168K, used 76078K [0x0000000600000000, 0x0000000800000000)
  region size 2048K, 14 young (28672K), 14 survivors (28672K)
 Metaspace       used 108025K, capacity 112361K, committed 112600K, reserved 1144832K
  class space    used 14128K, capacity 16244K, committed 16344K, reserved 1048576K
}
Event: 2815.118 GC heap before
{Heap before GC invocations=13 (full 0):
 garbage-first heap   total 647168K, used 424238K [0x0000000600000000, 0x0000000800000000)
  region size 2048K, 184 young (376832K), 14 survivors (28672K)
 Metaspace       used 108914K, capacity 113342K, committed 113624K, reserved 1146880K
  class space    used 14129K, capacity 16244K, committed 16344K, reserved 1048576K
}
Event: 2815.163 GC heap after
{Heap after GC invocations=14 (full 0):
 garbage-first heap   total 647168K, used 81475K [0x0000000600000000, 0x0000000800000000)
  region size 2048K, 16 young (32768K), 16 survivors (32768K)
 Metaspace       used 108914K, capacity 113342K, committed 113624K, reserved 1146880K
  class space    used 14129K, capacity 16244K, committed 16344K, reserved 1048576K
}
Event: 4034.291 GC heap before
{Heap before GC invocations=14 (full 0):
 garbage-first heap   total 647168K, used 435779K [0x0000000600000000, 0x0000000800000000)
  region size 2048K, 189 young (387072K), 16 survivors (32768K)
 Metaspace       used 108937K, capacity 113345K, committed 113624K, reserved 1146880K
  class space    used 14129K, capacity 16244K, committed 16344K, reserved 1048576K
}
Event: 4034.310 GC heap after
{Heap after GC invocations=15 (full 0):
 garbage-first heap   total 647168K, used 83764K [0x0000000600000000, 0x0000000800000000)
  region size 2048K, 17 young (34816K), 17 survivors (34816K)
 Metaspace       used 108937K, capacity 113345K, committed 113624K, reserved 1146880K
  class space    used 14129K, capacity 16244K, committed 16344K, reserved 1048576K
}
Event: 5257.089 GC heap before
{Heap before GC invocations=15 (full 0):
 garbage-first heap   total 647168K, used 433972K [0x0000000600000000, 0x0000000800000000)
  region size 2048K, 189 young (387072K), 17 survivors (34816K)
 Metaspace       used 108962K, capacity 113348K, committed 113624K, reserved 1146880K
  class space    used 14129K, capacity 16244K, committed 16344K, reserved 1048576K
}
Event: 5257.107 GC heap after
{Heap after GC invocations=16 (full 0):
 garbage-first heap   total 647168K, used 84165K [0x0000000600000000, 0x0000000800000000)
  region size 2048K, 17 young (34816K), 17 survivors (34816K)
 Metaspace       used 108962K, capacity 113348K, committed 113624K, reserved 1146880K
  class space    used 14129K, capacity 16244K, committed 16344K, reserved 1048576K
}

