# JRE version: OpenJDK Runtime Environment (11.0.11+9) (build 11.0.11+9-LTS)
# Java VM: OpenJDK 64-Bit Server VM (11.0.11+9-LTS, mixed mode, tiered, compressed oops, g1 gc, bsd-amd64)
Heap:
 garbage-first heap   total 757760K, used 196608K [0x0000000600000000, 0x0000000800000000)
  region size 2048K, 79 young (161792K), 9 survivors (18432K)
 Metaspace       used 105170K, capacity 109257K, committed 109440K, reserved 1142784K
  class space    used 13833K, capacity 15876K, committed 16000K, reserved 1048576K
GC Heap History (18 events):
Event: 0.904 GC heap before
{Heap before GC invocations=0 (full 0):
 garbage-first heap   total 524288K, used 22528K [0x0000000600000000, 0x0000000800000000)
  region size 2048K, 12 young (24576K), 0 survivors (0K)
 Metaspace       used 11358K, capacity 11720K, committed 11776K, reserved 1060864K
  class space    used 1154K, capacity 1273K, committed 1280K, reserved 1048576K
}
Event: 0.915 GC heap after
{Heap after GC invocations=1 (full 0):
 garbage-first heap   total 524288K, used 5089K [0x0000000600000000, 0x0000000800000000)
  region size 2048K, 2 young (4096K), 2 survivors (4096K)
 Metaspace       used 11358K, capacity 11720K, committed 11776K, reserved 1060864K
  class space    used 1154K, capacity 1273K, committed 1280K, reserved 1048576K
}
Event: 1.920 GC heap before
{Heap before GC invocations=1 (full 0):
 garbage-first heap   total 524288K, used 39905K [0x0000000600000000, 0x0000000800000000)
  region size 2048K, 20 young (40960K), 2 survivors (4096K)
 Metaspace       used 20547K, capacity 20930K, committed 21248K, reserved 1069056K
  class space    used 2299K, capacity 2436K, committed 2560K, reserved 1048576K
}
Event: 1.947 GC heap after
{Heap after GC invocations=2 (full 0):
 garbage-first heap   total 524288K, used 8040K [0x0000000600000000, 0x0000000800000000)
  region size 2048K, 4 young (8192K), 4 survivors (8192K)
 Metaspace       used 20547K, capacity 20930K, committed 21248K, reserved 1069056K
  class space    used 2299K, capacity 2436K, committed 2560K, reserved 1048576K
}
Event: 2.362 GC heap before
{Heap before GC invocations=3 (full 0):
 garbage-first heap   total 524288K, used 51048K [0x0000000600000000, 0x0000000800000000)
  region size 2048K, 26 young (53248K), 4 survivors (8192K)
 Metaspace       used 30456K, capacity 30990K, committed 31488K, reserved 1077248K
  class space    used 3513K, capacity 3726K, committed 3840K, reserved 1048576K
}
Event: 2.370 GC heap after
{Heap after GC invocations=4 (full 0):
 garbage-first heap   total 524288K, used 9473K [0x0000000600000000, 0x0000000800000000)
  region size 2048K, 3 young (6144K), 3 survivors (6144K)
 Metaspace       used 30456K, capacity 30990K, committed 31488K, reserved 1077248K
  class space    used 3513K, capacity 3726K, committed 3840K, reserved 1048576K
}
Event: 3.055 GC heap before
{Heap before GC invocations=4 (full 0):
 garbage-first heap   total 524288K, used 29953K [0x0000000600000000, 0x0000000800000000)
  region size 2048K, 15 young (30720K), 3 survivors (6144K)
 Metaspace       used 35023K, capacity 35679K, committed 35840K, reserved 1081344K
  class space    used 4143K, capacity 4442K, committed 4480K, reserved 1048576K
}
Event: 3.063 GC heap after
{Heap after GC invocations=5 (full 0):
 garbage-first heap   total 524288K, used 11074K [0x0000000600000000, 0x0000000800000000)
  region size 2048K, 3 young (6144K), 3 survivors (6144K)
 Metaspace       used 35023K, capacity 35679K, committed 35840K, reserved 1081344K
  class space    used 4143K, capacity 4442K, committed 4480K, reserved 1048576K
}
Event: 4.448 GC heap before
{Heap before GC invocations=6 (full 0):
 garbage-first heap   total 524288K, used 125762K [0x0000000600000000, 0x0000000800000000)
  region size 2048K, 59 young (120832K), 3 survivors (6144K)
 Metaspace       used 48640K, capacity 49639K, committed 50048K, reserved 1093632K
  class space    used 6016K, capacity 6469K, committed 6528K, reserved 1048576K
}
Event: 4.461 GC heap after
{Heap after GC invocations=7 (full 0):
 garbage-first heap   total 630784K, used 17413K [0x0000000600000000, 0x0000000800000000)
  region size 2048K, 7 young (14336K), 7 survivors (14336K)
 Metaspace       used 48640K, capacity 49639K, committed 50048K, reserved 1093632K
  class space    used 6016K, capacity 6469K, committed 6528K, reserved 1048576K
}
Event: 5.359 GC heap before
{Heap before GC invocations=7 (full 0):
 garbage-first heap   total 630784K, used 105477K [0x0000000600000000, 0x0000000800000000)
  region size 2048K, 51 young (104448K), 7 survivors (14336K)
 Metaspace       used 58605K, capacity 59946K, committed 60160K, reserved 1101824K
  class space    used 7358K, capacity 8086K, committed 8192K, reserved 1048576K
}
Event: 5.375 GC heap after
{Heap after GC invocations=8 (full 0):
 garbage-first heap   total 630784K, used 16988K [0x0000000600000000, 0x0000000800000000)
  region size 2048K, 5 young (10240K), 5 survivors (10240K)
 Metaspace       used 58605K, capacity 59946K, committed 60160K, reserved 1101824K
  class space    used 7358K, capacity 8086K, committed 8192K, reserved 1048576K
}
Event: 10.799 GC heap before
{Heap before GC invocations=9 (full 0):
 garbage-first heap   total 630784K, used 189020K [0x0000000600000000, 0x0000000800000000)
  region size 2048K, 88 young (180224K), 5 survivors (10240K)
 Metaspace       used 94451K, capacity 97647K, committed 97920K, reserved 1132544K
  class space    used 12514K, capacity 14097K, committed 14208K, reserved 1048576K
}
Event: 10.823 GC heap after
{Heap after GC invocations=10 (full 0):
 garbage-first heap   total 630784K, used 35496K [0x0000000600000000, 0x0000000800000000)
  region size 2048K, 11 young (22528K), 11 survivors (22528K)
 Metaspace       used 94451K, capacity 97647K, committed 97920K, reserved 1132544K
  class space    used 12514K, capacity 14097K, committed 14208K, reserved 1048576K
}
Event: 11.042 GC heap before
{Heap before GC invocations=10 (full 0):
 garbage-first heap   total 630784K, used 55976K [0x0000000600000000, 0x0000000800000000)
  region size 2048K, 22 young (45056K), 11 survivors (22528K)
 Metaspace       used 97186K, capacity 100642K, committed 100696K, reserved 1134592K
  class space    used 12979K, capacity 14720K, committed 14720K, reserved 1048576K
}
Event: 11.068 GC heap after
{Heap after GC invocations=11 (full 0):
 garbage-first heap   total 630784K, used 36975K [0x0000000600000000, 0x0000000800000000)
  region size 2048K, 11 young (22528K), 11 survivors (22528K)
 Metaspace       used 97186K, capacity 100642K, committed 100696K, reserved 1134592K
  class space    used 12979K, capacity 14720K, committed 14720K, reserved 1048576K
}
Event: 440.642 GC heap before
{Heap before GC invocations=12 (full 0):
 garbage-first heap   total 630784K, used 215151K [0x0000000600000000, 0x0000000800000000)
  region size 2048K, 97 young (198656K), 11 survivors (22528K)
 Metaspace       used 104386K, capacity 108468K, committed 108672K, reserved 1142784K
  class space    used 13833K, capacity 15876K, committed 16000K, reserved 1048576K
}
Event: 440.691 GC heap after
{Heap after GC invocations=13 (full 0):
 garbage-first heap   total 757760K, used 55296K [0x0000000600000000, 0x0000000800000000)
  region size 2048K, 9 young (18432K), 9 survivors (18432K)
 Metaspace       used 104386K, capacity 108468K, committed 108672K, reserved 1142784K
  class space    used 13833K, capacity 15876K, committed 16000K, reserved 1048576K
}

