# JRE version: OpenJDK Runtime Environment (12.0.2+10) (build 12.0.2+10)
# Java VM: OpenJDK 64-Bit Server VM (12.0.2+10, mixed mode, sharing, tiered, compressed oops, g1 gc, bsd-amd64)
Heap:
 garbage-first heap   total 444416K, used 295541K [0x00000007a0000000, 0x0000000800000000)
  region size 1024K, 153 young (156672K), 2 survivors (2048K)
 Metaspace       used 241295K, capacity 259790K, committed 271112K, reserved 1269760K
  class space    used 35648K, capacity 44833K, committed 50020K, reserved 1048576K
GC Heap History (10 events):
Event: 66290.748 GC heap before
{Heap before GC invocations=323 (full 26):
 garbage-first heap   total 444416K, used 159892K [0x00000007a0000000, 0x0000000800000000)
  region size 1024K, 23 young (23552K), 22 survivors (22528K)
 Metaspace       used 203940K, capacity 219992K, committed 234120K, reserved 1243136K
  class space    used 29469K, capacity 37498K, committed 40932K, reserved 1048576K
}
Event: 66290.754 GC heap after
{Heap after GC invocations=324 (full 26):
 garbage-first heap   total 444416K, used 132561K [0x00000007a0000000, 0x0000000800000000)
  region size 1024K, 2 young (2048K), 2 survivors (2048K)
 Metaspace       used 203940K, capacity 219992K, committed 234120K, reserved 1243136K
  class space    used 29469K, capacity 37498K, committed 40932K, reserved 1048576K
}
Event: 66290.756 GC heap before
{Heap before GC invocations=324 (full 26):
 garbage-first heap   total 444416K, used 132561K [0x00000007a0000000, 0x0000000800000000)
  region size 1024K, 3 young (3072K), 2 survivors (2048K)
 Metaspace       used 203940K, capacity 219992K, committed 234120K, reserved 1243136K
  class space    used 29469K, capacity 37498K, committed 40932K, reserved 1048576K
}
Event: 66290.760 GC heap after
{Heap after GC invocations=325 (full 26):
 garbage-first heap   total 444416K, used 131232K [0x00000007a0000000, 0x0000000800000000)
  region size 1024K, 1 young (1024K), 1 survivors (1024K)
 Metaspace       used 203940K, capacity 219992K, committed 234120K, reserved 1243136K
  class space    used 29469K, capacity 37498K, committed 40932K, reserved 1048576K
}
Event: 66291.796 GC heap before
{Heap before GC invocations=326 (full 26):
 garbage-first heap   total 444416K, used 344224K [0x00000007a0000000, 0x0000000800000000)
  region size 1024K, 198 young (202752K), 1 survivors (1024K)
 Metaspace       used 237892K, capacity 258715K, committed 258824K, reserved 1261568K
  class space    used 37048K, capacity 47687K, committed 47716K, reserved 1048576K
}
Event: 66291.802 GC heap after
{Heap after GC invocations=327 (full 26):
 garbage-first heap   total 444416K, used 139357K [0x00000007a0000000, 0x0000000800000000)
  region size 1024K, 9 young (9216K), 9 survivors (9216K)
 Metaspace       used 237892K, capacity 258715K, committed 258824K, reserved 1261568K
  class space    used 37048K, capacity 47687K, committed 47716K, reserved 1048576K
}
Event: 66291.829 GC heap before
{Heap before GC invocations=327 (full 26):
 garbage-first heap   total 444416K, used 150621K [0x00000007a0000000, 0x0000000800000000)
  region size 1024K, 21 young (21504K), 9 survivors (9216K)
 Metaspace       used 239343K, capacity 260445K, committed 260616K, reserved 1261568K
  class space    used 37366K, capacity 48121K, committed 48228K, reserved 1048576K
}
Event: 66291.837 GC heap after
{Heap after GC invocations=328 (full 26):
 garbage-first heap   total 444416K, used 138246K [0x00000007a0000000, 0x0000000800000000)
  region size 1024K, 2 young (2048K), 2 survivors (2048K)
 Metaspace       used 239343K, capacity 260445K, committed 260616K, reserved 1261568K
  class space    used 37366K, capacity 48121K, committed 48228K, reserved 1048576K
}
Event: 66291.989 GC heap before
{Heap before GC invocations=328 (full 26):
 garbage-first heap   total 444416K, used 235526K [0x00000007a0000000, 0x0000000800000000)
  region size 1024K, 99 young (101376K), 2 survivors (2048K)
 Metaspace       used 242688K, capacity 264048K, committed 264328K, reserved 1265664K
  class space    used 37901K, capacity 48795K, committed 48868K, reserved 1048576K
}
Event: 66291.996 GC heap after
{Heap after GC invocations=329 (full 26):
 garbage-first heap   total 444416K, used 138869K [0x00000007a0000000, 0x0000000800000000)
  region size 1024K, 2 young (2048K), 2 survivors (2048K)
 Metaspace       used 242688K, capacity 264048K, committed 264328K, reserved 1265664K
  class space    used 37901K, capacity 48795K, committed 48868K, reserved 1048576K
}

