# JRE version: OpenJDK Runtime Environment (12.0.2+10) (build 12.0.2+10)
# Java VM: OpenJDK 64-Bit Server VM (12.0.2+10, mixed mode, sharing, tiered, compressed oops, g1 gc, bsd-amd64)
Heap:
 garbage-first heap   total 413696K, used 128469K [0x00000007a0000000, 0x0000000800000000)
  region size 1024K, 20 young (20480K), 9 survivors (9216K)
 Metaspace       used 249935K, capacity 269354K, committed 280828K, reserved 1277952K
  class space    used 37781K, capacity 47366K, committed 52732K, reserved 1048576K
GC Heap History (10 events):
Event: 1805.169 GC heap before
{Heap before GC invocations=130 (full 2):
 garbage-first heap   total 413696K, used 290805K [0x00000007a0000000, 0x0000000800000000)
  region size 1024K, 137 young (140288K), 5 survivors (5120K)
 Metaspace       used 243949K, capacity 265649K, committed 265852K, reserved 1265664K
  class space    used 38592K, capacity 49664K, committed 49788K, reserved 1048576K
}
Event: 1805.175 GC heap after
{Heap after GC invocations=131 (full 2):
 garbage-first heap   total 413696K, used 157989K [0x00000007a0000000, 0x0000000800000000)
  region size 1024K, 7 young (7168K), 7 survivors (7168K)
 Metaspace       used 243949K, capacity 265649K, committed 265852K, reserved 1265664K
  class space    used 38592K, capacity 49664K, committed 49788K, reserved 1048576K
}
Event: 1805.197 GC heap before
{Heap before GC invocations=131 (full 2):
 garbage-first heap   total 413696K, used 171301K [0x00000007a0000000, 0x0000000800000000)
  region size 1024K, 20 young (20480K), 7 survivors (7168K)
 Metaspace       used 244342K, capacity 266025K, committed 266108K, reserved 1265664K
  class space    used 38657K, capacity 49746K, committed 49788K, reserved 1048576K
}
Event: 1805.207 GC heap after
{Heap after GC invocations=132 (full 2):
 garbage-first heap   total 413696K, used 119928K [0x00000007a0000000, 0x0000000800000000)
  region size 1024K, 1 young (1024K), 1 survivors (1024K)
 Metaspace       used 244342K, capacity 266025K, committed 266108K, reserved 1265664K
  class space    used 38657K, capacity 49746K, committed 49788K, reserved 1048576K
}
Event: 1805.240 GC heap before
{Heap before GC invocations=132 (full 2):
 garbage-first heap   total 413696K, used 138360K [0x00000007a0000000, 0x0000000800000000)
  region size 1024K, 20 young (20480K), 1 survivors (1024K)
 Metaspace       used 245423K, capacity 267119K, committed 267388K, reserved 1267712K
  class space    used 38800K, capacity 49926K, committed 50044K, reserved 1048576K
}
Event: 1805.245 GC heap after
{Heap after GC invocations=133 (full 2):
 garbage-first heap   total 413696K, used 109229K [0x00000007a0000000, 0x0000000800000000)
  region size 1024K, 1 young (1024K), 1 survivors (1024K)
 Metaspace       used 245423K, capacity 267119K, committed 267388K, reserved 1267712K
  class space    used 38800K, capacity 49926K, committed 50044K, reserved 1048576K
}
Event: 1805.534 GC heap before
{Heap before GC invocations=133 (full 2):
 garbage-first heap   total 413696K, used 313005K [0x00000007a0000000, 0x0000000800000000)
  region size 1024K, 201 young (205824K), 1 survivors (1024K)
 Metaspace       used 253862K, capacity 276222K, committed 276476K, reserved 1273856K
  class space    used 40525K, capacity 51953K, committed 51964K, reserved 1048576K
}
Event: 1805.543 GC heap after
{Heap after GC invocations=134 (full 2):
 garbage-first heap   total 413696K, used 111935K [0x00000007a0000000, 0x0000000800000000)
  region size 1024K, 4 young (4096K), 4 survivors (4096K)
 Metaspace       used 253862K, capacity 276222K, committed 276476K, reserved 1273856K
  class space    used 40525K, capacity 51953K, committed 51964K, reserved 1048576K
}
Event: 1805.922 GC heap before
{Heap before GC invocations=135 (full 2):
 garbage-first heap   total 413696K, used 318783K [0x00000007a0000000, 0x0000000800000000)
  region size 1024K, 207 young (211968K), 4 survivors (4096K)
 Metaspace       used 249684K, capacity 269089K, committed 280572K, reserved 1277952K
  class space    used 37744K, capacity 47343K, committed 52732K, reserved 1048576K
}
Event: 1805.935 GC heap after
{Heap after GC invocations=136 (full 2):
 garbage-first heap   total 413696K, used 117205K [0x00000007a0000000, 0x0000000800000000)
  region size 1024K, 9 young (9216K), 9 survivors (9216K)
 Metaspace       used 249684K, capacity 269089K, committed 280572K, reserved 1277952K
  class space    used 37744K, capacity 47343K, committed 52732K, reserved 1048576K
}

