# JRE version: OpenJDK Runtime Environment (11.0.11+9) (build 11.0.11+9-LTS)
# Java VM: OpenJDK 64-Bit Server VM (11.0.11+9-LTS, mixed mode, tiered, compressed oops, g1 gc, bsd-amd64)
Heap:
 garbage-first heap   total 630784K, used 163249K [0x0000000600000000, 0x0000000800000000)
  region size 2048K, 76 young (155648K), 14 survivors (28672K)
 Metaspace       used 103799K, capacity 107802K, committed 107988K, reserved 1140736K
  class space    used 14064K, capacity 16091K, committed 16204K, reserved 1048576K
GC Heap History (14 events):
Event: 1.435 GC heap before
{Heap before GC invocations=0 (full 0):
 garbage-first heap   total 524288K, used 24576K [0x0000000600000000, 0x0000000800000000)
  region size 2048K, 12 young (24576K), 0 survivors (0K)
 Metaspace       used 13385K, capacity 13675K, committed 13824K, reserved 1060864K
  class space    used 1367K, capacity 1463K, committed 1536K, reserved 1048576K
}
Event: 1.453 GC heap after
{Heap after GC invocations=1 (full 0):
 garbage-first heap   total 524288K, used 5880K [0x0000000600000000, 0x0000000800000000)
  region size 2048K, 2 young (4096K), 2 survivors (4096K)
 Metaspace       used 13385K, capacity 13675K, committed 13824K, reserved 1060864K
  class space    used 1367K, capacity 1463K, committed 1536K, reserved 1048576K
}
Event: 2.202 GC heap before
{Heap before GC invocations=1 (full 0):
 garbage-first heap   total 524288K, used 34552K [0x0000000600000000, 0x0000000800000000)
  region size 2048K, 17 young (34816K), 2 survivors (4096K)
 Metaspace       used 20712K, capacity 21074K, committed 21248K, reserved 1069056K
  class space    used 2372K, capacity 2517K, committed 2560K, reserved 1048576K
}
Event: 2.215 GC heap after
{Heap after GC invocations=2 (full 0):
 garbage-first heap   total 524288K, used 8478K [0x0000000600000000, 0x0000000800000000)
  region size 2048K, 4 young (8192K), 4 survivors (8192K)
 Metaspace       used 20712K, capacity 21074K, committed 21248K, reserved 1069056K
  class space    used 2372K, capacity 2517K, committed 2560K, reserved 1048576K
}
Event: 2.678 GC heap before
{Heap before GC invocations=3 (full 0):
 garbage-first heap   total 524288K, used 43294K [0x0000000600000000, 0x0000000800000000)
  region size 2048K, 21 young (43008K), 4 survivors (8192K)
 Metaspace       used 29809K, capacity 30194K, committed 30592K, reserved 1077248K
  class space    used 3453K, capacity 3609K, committed 3712K, reserved 1048576K
}
Event: 2.701 GC heap after
{Heap after GC invocations=4 (full 0):
 garbage-first heap   total 524288K, used 9602K [0x0000000600000000, 0x0000000800000000)
  region size 2048K, 2 young (4096K), 2 survivors (4096K)
 Metaspace       used 29809K, capacity 30194K, committed 30592K, reserved 1077248K
  class space    used 3453K, capacity 3609K, committed 3712K, reserved 1048576K
}
Event: 3.675 GC heap before
{Heap before GC invocations=4 (full 0):
 garbage-first heap   total 524288K, used 32130K [0x0000000600000000, 0x0000000800000000)
  region size 2048K, 14 young (28672K), 2 survivors (4096K)
 Metaspace       used 35045K, capacity 35686K, committed 35840K, reserved 1081344K
  class space    used 4200K, capacity 4501K, committed 4608K, reserved 1048576K
}
Event: 3.692 GC heap after
{Heap after GC invocations=5 (full 0):
 garbage-first heap   total 524288K, used 11302K [0x0000000600000000, 0x0000000800000000)
  region size 2048K, 3 young (6144K), 3 survivors (6144K)
 Metaspace       used 35045K, capacity 35686K, committed 35840K, reserved 1081344K
  class space    used 4200K, capacity 4501K, committed 4608K, reserved 1048576K
}
Event: 5.070 GC heap before
{Heap before GC invocations=6 (full 0):
 garbage-first heap   total 524288K, used 97318K [0x0000000600000000, 0x0000000800000000)
  region size 2048K, 45 young (92160K), 3 survivors (6144K)
 Metaspace       used 48133K, capacity 49111K, committed 49280K, reserved 1091584K
  class space    used 6026K, capacity 6472K, committed 6528K, reserved 1048576K
}
Event: 5.080 GC heap after
{Heap after GC invocations=7 (full 0):
 garbage-first heap   total 630784K, used 16993K [0x0000000600000000, 0x0000000800000000)
  region size 2048K, 6 young (12288K), 6 survivors (12288K)
 Metaspace       used 48133K, capacity 49111K, committed 49280K, reserved 1091584K
  class space    used 6026K, capacity 6472K, committed 6528K, reserved 1048576K
}
Event: 6.109 GC heap before
{Heap before GC invocations=7 (full 0):
 garbage-first heap   total 630784K, used 109153K [0x0000000600000000, 0x0000000800000000)
  region size 2048K, 52 young (106496K), 6 survivors (12288K)
 Metaspace       used 58531K, capacity 59957K, committed 60160K, reserved 1101824K
  class space    used 7445K, capacity 8169K, committed 8192K, reserved 1048576K
}
Event: 6.133 GC heap after
{Heap after GC invocations=8 (full 0):
 garbage-first heap   total 630784K, used 17545K [0x0000000600000000, 0x0000000800000000)
  region size 2048K, 5 young (10240K), 5 survivors (10240K)
 Metaspace       used 58531K, capacity 59957K, committed 60160K, reserved 1101824K
  class space    used 7445K, capacity 8169K, committed 8192K, reserved 1048576K
}
Event: 11.777 GC heap before
{Heap before GC invocations=9 (full 0):
 garbage-first heap   total 630784K, used 191625K [0x0000000600000000, 0x0000000800000000)
  region size 2048K, 90 young (184320K), 5 survivors (10240K)
 Metaspace       used 97222K, capacity 100768K, committed 100820K, reserved 1134592K
  class space    used 13150K, capacity 14924K, committed 14924K, reserved 1048576K
}
Event: 11.809 GC heap after
{Heap after GC invocations=10 (full 0):
 garbage-first heap   total 630784K, used 38321K [0x0000000600000000, 0x0000000800000000)
  region size 2048K, 14 young (28672K), 14 survivors (28672K)
 Metaspace       used 97222K, capacity 100768K, committed 100820K, reserved 1134592K
  class space    used 13150K, capacity 14924K, committed 14924K, reserved 1048576K
}

