# JRE version: OpenJDK Runtime Environment (11.0.11+9) (build 11.0.11+9-LTS)
# Java VM: OpenJDK 64-Bit Server VM (11.0.11+9-LTS, mixed mode, tiered, compressed oops, g1 gc, bsd-amd64)
Heap:
 garbage-first heap   total 647168K, used 101584K [0x0000000600000000, 0x0000000800000000)
  region size 2048K, 42 young (86016K), 15 survivors (30720K)
 Metaspace       used 103022K, capacity 106916K, committed 107088K, reserved 1140736K
  class space    used 13627K, capacity 15584K, committed 15616K, reserved 1048576K
GC Heap History (14 events):
Event: 0.814 GC heap before
{Heap before GC invocations=0 (full 0):
 garbage-first heap   total 524288K, used 22528K [0x0000000600000000, 0x0000000800000000)
  region size 2048K, 12 young (24576K), 0 survivors (0K)
 Metaspace       used 11376K, capacity 11723K, committed 11776K, reserved 1060864K
  class space    used 1166K, capacity 1274K, committed 1280K, reserved 1048576K
}
Event: 0.826 GC heap after
{Heap after GC invocations=1 (full 0):
 garbage-first heap   total 524288K, used 4959K [0x0000000600000000, 0x0000000800000000)
  region size 2048K, 2 young (4096K), 2 survivors (4096K)
 Metaspace       used 11376K, capacity 11723K, committed 11776K, reserved 1060864K
  class space    used 1166K, capacity 1274K, committed 1280K, reserved 1048576K
}
Event: 1.876 GC heap before
{Heap before GC invocations=1 (full 0):
 garbage-first heap   total 524288K, used 39775K [0x0000000600000000, 0x0000000800000000)
  region size 2048K, 20 young (40960K), 2 survivors (4096K)
 Metaspace       used 20471K, capacity 20898K, committed 21296K, reserved 1069056K
  class space    used 2290K, capacity 2404K, committed 2432K, reserved 1048576K
}
Event: 1.900 GC heap after
{Heap after GC invocations=2 (full 0):
 garbage-first heap   total 524288K, used 8167K [0x0000000600000000, 0x0000000800000000)
  region size 2048K, 4 young (8192K), 4 survivors (8192K)
 Metaspace       used 20471K, capacity 20898K, committed 21296K, reserved 1069056K
  class space    used 2290K, capacity 2404K, committed 2432K, reserved 1048576K
}
Event: 2.353 GC heap before
{Heap before GC invocations=3 (full 0):
 garbage-first heap   total 524288K, used 51175K [0x0000000600000000, 0x0000000800000000)
  region size 2048K, 26 young (53248K), 4 survivors (8192K)
 Metaspace       used 30436K, capacity 30958K, committed 31536K, reserved 1077248K
  class space    used 3510K, capacity 3694K, committed 3712K, reserved 1048576K
}
Event: 2.372 GC heap after
{Heap after GC invocations=4 (full 0):
 garbage-first heap   total 524288K, used 9439K [0x0000000600000000, 0x0000000800000000)
  region size 2048K, 3 young (6144K), 3 survivors (6144K)
 Metaspace       used 30436K, capacity 30958K, committed 31536K, reserved 1077248K
  class space    used 3510K, capacity 3694K, committed 3712K, reserved 1048576K
}
Event: 2.987 GC heap before
{Heap before GC invocations=4 (full 0):
 garbage-first heap   total 524288K, used 29919K [0x0000000600000000, 0x0000000800000000)
  region size 2048K, 14 young (28672K), 3 survivors (6144K)
 Metaspace       used 34786K, capacity 35425K, committed 35632K, reserved 1081344K
  class space    used 4121K, capacity 4397K, committed 4480K, reserved 1048576K
}
Event: 2.994 GC heap after
{Heap after GC invocations=5 (full 0):
 garbage-first heap   total 524288K, used 10716K [0x0000000600000000, 0x0000000800000000)
  region size 2048K, 3 young (6144K), 3 survivors (6144K)
 Metaspace       used 34786K, capacity 35425K, committed 35632K, reserved 1081344K
  class space    used 4121K, capacity 4397K, committed 4480K, reserved 1048576K
}
Event: 5.466 GC heap before
{Heap before GC invocations=6 (full 0):
 garbage-first heap   total 524288K, used 213468K [0x0000000600000000, 0x0000000800000000)
  region size 2048K, 103 young (210944K), 3 survivors (6144K)
 Metaspace       used 58119K, capacity 59495K, committed 59696K, reserved 1101824K
  class space    used 7297K, capacity 8021K, committed 8064K, reserved 1048576K
}
Event: 5.486 GC heap after
{Heap after GC invocations=7 (full 0):
 garbage-first heap   total 647168K, used 16743K [0x0000000600000000, 0x0000000800000000)
  region size 2048K, 6 young (12288K), 6 survivors (12288K)
 Metaspace       used 58119K, capacity 59495K, committed 59696K, reserved 1101824K
  class space    used 7297K, capacity 8021K, committed 8064K, reserved 1048576K
}
Event: 11.043 GC heap before
{Heap before GC invocations=8 (full 0):
 garbage-first heap   total 647168K, used 199015K [0x0000000600000000, 0x0000000800000000)
  region size 2048K, 96 young (196608K), 6 survivors (12288K)
 Metaspace       used 96423K, capacity 99780K, committed 99920K, reserved 1134592K
  class space    used 12841K, capacity 14552K, committed 14592K, reserved 1048576K
}
Event: 11.077 GC heap after
{Heap after GC invocations=9 (full 0):
 garbage-first heap   total 647168K, used 35570K [0x0000000600000000, 0x0000000800000000)
  region size 2048K, 14 young (28672K), 14 survivors (28672K)
 Metaspace       used 96423K, capacity 99780K, committed 99920K, reserved 1134592K
  class space    used 12841K, capacity 14552K, committed 14592K, reserved 1048576K
}
Event: 337.434 GC heap before
{Heap before GC invocations=10 (full 0):
 garbage-first heap   total 647168K, used 279282K [0x0000000600000000, 0x0000000800000000)
  region size 2048K, 133 young (272384K), 14 survivors (28672K)
 Metaspace       used 102933K, capacity 106839K, committed 107088K, reserved 1140736K
  class space    used 13627K, capacity 15584K, committed 15616K, reserved 1048576K
}
Event: 337.479 GC heap after
{Heap after GC invocations=11 (full 0):
 garbage-first heap   total 647168K, used 48336K [0x0000000600000000, 0x0000000800000000)
  region size 2048K, 15 young (30720K), 15 survivors (30720K)
 Metaspace       used 102933K, capacity 106839K, committed 107088K, reserved 1140736K
  class space    used 13627K, capacity 15584K, committed 15616K, reserved 1048576K
}

