# JRE version: OpenJDK Runtime Environment (11.0.4+11) (build 11.0.4+11)
# Java VM: OpenJDK 64-Bit Server VM (11.0.4+11, mixed mode, tiered, compressed oops, g1 gc, bsd-amd64)
Heap:
 garbage-first heap   total 1048576K, used 334147K [0x0000000400000000, 0x0000000800000000)
  region size 4096K, 81 young (331776K), 7 survivors (28672K)
 Metaspace       used 51768K, capacity 54029K, committed 54144K, reserved 1095680K
  class space    used 6737K, capacity 7799K, committed 7808K, reserved 1048576K
GC Heap History (10 events):
Event: 0.812 GC heap before
{Heap before GC invocations=1 (full 0):
 garbage-first heap   total 1048576K, used 50324K [0x0000000400000000, 0x0000000800000000)
  region size 4096K, 12 young (49152K), 2 survivors (8192K)
 Metaspace       used 13309K, capacity 13466K, committed 13952K, reserved 1062912K
  class space    used 1233K, capacity 1281K, committed 1408K, reserved 1048576K
}
Event: 0.815 GC heap after
{Heap after GC invocations=2 (full 0):
 garbage-first heap   total 1048576K, used 11080K [0x0000000400000000, 0x0000000800000000)
  region size 4096K, 1 young (4096K), 1 survivors (4096K)
 Metaspace       used 13309K, capacity 13466K, committed 13952K, reserved 1062912K
  class space    used 1233K, capacity 1281K, committed 1408K, reserved 1048576K
}
Event: 1.124 GC heap before
{Heap before GC invocations=2 (full 0):
 garbage-first heap   total 1048576K, used 76616K [0x0000000400000000, 0x0000000800000000)
  region size 4096K, 17 young (69632K), 1 survivors (4096K)
 Metaspace       used 17167K, capacity 17427K, committed 17792K, reserved 1064960K
  class space    used 1694K, capacity 1805K, committed 1920K, reserved 1048576K
}
Event: 1.126 GC heap after
{Heap after GC invocations=3 (full 0):
 garbage-first heap   total 1048576K, used 13495K [0x0000000400000000, 0x0000000800000000)
  region size 4096K, 2 young (8192K), 2 survivors (8192K)
 Metaspace       used 17167K, capacity 17427K, committed 17792K, reserved 1064960K
  class space    used 1694K, capacity 1805K, committed 1920K, reserved 1048576K
}
Event: 1.505 GC heap before
{Heap before GC invocations=3 (full 0):
 garbage-first heap   total 1048576K, used 79031K [0x0000000400000000, 0x0000000800000000)
  region size 4096K, 19 young (77824K), 2 survivors (8192K)
 Metaspace       used 20628K, capacity 20940K, committed 21248K, reserved 1069056K
  class space    used 2007K, capacity 2178K, committed 2304K, reserved 1048576K
}
Event: 1.508 GC heap after
{Heap after GC invocations=4 (full 0):
 garbage-first heap   total 1048576K, used 15008K [0x0000000400000000, 0x0000000800000000)
  region size 4096K, 2 young (8192K), 2 survivors (8192K)
 Metaspace       used 20628K, capacity 20940K, committed 21248K, reserved 1069056K
  class space    used 2007K, capacity 2178K, committed 2304K, reserved 1048576K
}
Event: 2.972 GC heap before
{Heap before GC invocations=5 (full 0):
 garbage-first heap   total 1048576K, used 264864K [0x0000000400000000, 0x0000000800000000)
  region size 4096K, 64 young (262144K), 2 survivors (8192K)
 Metaspace       used 34430K, capacity 35547K, committed 35840K, reserved 1081344K
  class space    used 4208K, capacity 4737K, committed 4864K, reserved 1048576K
}
Event: 2.980 GC heap after
{Heap after GC invocations=6 (full 0):
 garbage-first heap   total 1048576K, used 25890K [0x0000000400000000, 0x0000000800000000)
  region size 4096K, 5 young (20480K), 5 survivors (20480K)
 Metaspace       used 34430K, capacity 35547K, committed 35840K, reserved 1081344K
  class space    used 4208K, capacity 4737K, committed 4864K, reserved 1048576K
}
Event: 4.372 GC heap before
{Heap before GC invocations=7 (full 0):
 garbage-first heap   total 1048576K, used 324898K [0x0000000400000000, 0x0000000800000000)
  region size 4096K, 78 young (319488K), 5 survivors (20480K)
 Metaspace       used 43610K, capacity 45398K, committed 45568K, reserved 1087488K
  class space    used 5689K, capacity 6553K, committed 6656K, reserved 1048576K
}
Event: 4.382 GC heap after
{Heap after GC invocations=8 (full 0):
 garbage-first heap   total 1048576K, used 35139K [0x0000000400000000, 0x0000000800000000)
  region size 4096K, 7 young (28672K), 7 survivors (28672K)
 Metaspace       used 43610K, capacity 45398K, committed 45568K, reserved 1087488K
  class space    used 5689K, capacity 6553K, committed 6656K, reserved 1048576K
}

