# JRE version: OpenJDK Runtime Environment (15.0.2+7) (build 15.0.2+7)
# Java VM: OpenJDK 64-Bit Server VM (15.0.2+7, mixed mode, sharing, tiered, compressed oops, g1 gc, bsd-amd64)
GC Precious Log:
 CPUs: 16 total, 16 available
 Memory: 65536M
 Large Page Support: Disabled
 NUMA Support: Disabled
 Compressed Oops: Enabled (Zero based)
 Heap Region Size: 8M
 Heap Min Capacity: 8M
 Heap Initial Capacity: 1G
 Heap Max Capacity: 16G
 Pre-touch: Disabled
 Parallel Workers: 13
 Concurrent Workers: 3
 Concurrent Refinement Workers: 13
 Periodic GC: Disabled
Heap:
 garbage-first heap   total 139264K, used 30146K [0x0000000400000000, 0x0000000800000000)
  region size 8192K, 3 young (24576K), 1 survivors (8192K)
 Metaspace       used 46587K, capacity 46957K, committed 47872K, reserved 1089536K
  class space    used 6694K, capacity 6785K, committed 6912K, reserved 1048576K
GC Heap History (20 events):
Event: 1.345 GC heap before
{Heap before GC invocations=2 (full 0):
 garbage-first heap   total 1064960K, used 65255K [0x0000000400000000, 0x0000000800000000)
  region size 8192K, 8 young (65536K), 1 survivors (8192K)
 Metaspace       used 19113K, capacity 20505K, committed 20992K, reserved 1067008K
  class space    used 2290K, capacity 2457K, committed 2560K, reserved 1048576K
}
Event: 1.347 GC heap after
{Heap after GC invocations=3 (full 0):
 garbage-first heap   total 1064960K, used 16487K [0x0000000400000000, 0x0000000800000000)
  region size 8192K, 1 young (8192K), 1 survivors (8192K)
 Metaspace       used 19113K, capacity 20505K, committed 20992K, reserved 1067008K
  class space    used 2290K, capacity 2457K, committed 2560K, reserved 1048576K
}
Event: 1.369 GC heap before
{Heap before GC invocations=3 (full 0):
 garbage-first heap   total 1064960K, used 16487K [0x0000000400000000, 0x0000000800000000)
  region size 8192K, 2 young (16384K), 1 survivors (8192K)
 Metaspace       used 19622K, capacity 20889K, committed 21248K, reserved 1069056K
  class space    used 2349K, capacity 2521K, committed 2560K, reserved 1048576K
}
Event: 1.370 GC heap after
{Heap after GC invocations=4 (full 0):
 garbage-first heap   total 1064960K, used 16546K [0x0000000400000000, 0x0000000800000000)
  region size 8192K, 1 young (8192K), 1 survivors (8192K)
 Metaspace       used 19622K, capacity 20889K, committed 21248K, reserved 1069056K
  class space    used 2349K, capacity 2521K, committed 2560K, reserved 1048576K
}
Event: 2.076 GC heap before
{Heap before GC invocations=5 (full 0):
 garbage-first heap   total 139264K, used 90274K [0x0000000400000000, 0x0000000800000000)
  region size 8192K, 10 young (81920K), 1 survivors (8192K)
 Metaspace       used 31847K, capacity 32081K, committed 32768K, reserved 1077248K
  class space    used 4209K, capacity 4283K, committed 4352K, reserved 1048576K
}
Event: 2.079 GC heap after
{Heap after GC invocations=6 (full 0):
 garbage-first heap   total 139264K, used 18664K [0x0000000400000000, 0x0000000800000000)
  region size 8192K, 1 young (8192K), 1 survivors (8192K)
 Metaspace       used 31847K, capacity 32081K, committed 32768K, reserved 1077248K
  class space    used 4209K, capacity 4283K, committed 4352K, reserved 1048576K
}
Event: 2.221 GC heap before
{Heap before GC invocations=6 (full 0):
 garbage-first heap   total 139264K, used 26856K [0x0000000400000000, 0x0000000800000000)
  region size 8192K, 3 young (24576K), 1 survivors (8192K)
 Metaspace       used 34943K, capacity 35161K, committed 35840K, reserved 1081344K
  class space    used 4654K, capacity 4711K, committed 4736K, reserved 1048576K
}
Event: 2.224 GC heap after
{Heap after GC invocations=7 (full 0):
 garbage-first heap   total 139264K, used 19571K [0x0000000400000000, 0x0000000800000000)
  region size 8192K, 1 young (8192K), 1 survivors (8192K)
 Metaspace       used 34943K, capacity 35161K, committed 35840K, reserved 1081344K
  class space    used 4654K, capacity 4711K, committed 4736K, reserved 1048576K
}
Event: 2.826 GC heap before
{Heap before GC invocations=8 (full 0):
 garbage-first heap   total 139264K, used 93299K [0x0000000400000000, 0x0000000800000000)
  region size 8192K, 10 young (81920K), 1 survivors (8192K)
 Metaspace       used 38832K, capacity 39186K, committed 39936K, reserved 1083392K
  class space    used 5184K, capacity 5294K, committed 5376K, reserved 1048576K
}
Event: 2.829 GC heap after
{Heap after GC invocations=9 (full 0):
 garbage-first heap   total 139264K, used 20537K [0x0000000400000000, 0x0000000800000000)
  region size 8192K, 1 young (8192K), 1 survivors (8192K)
 Metaspace       used 38832K, capacity 39186K, committed 39936K, reserved 1083392K
  class space    used 5184K, capacity 5294K, committed 5376K, reserved 1048576K
}
Event: 3.084 GC heap before
{Heap before GC invocations=9 (full 0):
 garbage-first heap   total 139264K, used 94265K [0x0000000400000000, 0x0000000800000000)
  region size 8192K, 10 young (81920K), 1 survivors (8192K)
 Metaspace       used 40327K, capacity 40705K, committed 41472K, reserved 1085440K
  class space    used 5497K, capacity 5585K, committed 5632K, reserved 1048576K
}
Event: 3.086 GC heap after
{Heap after GC invocations=10 (full 0):
 garbage-first heap   total 139264K, used 20640K [0x0000000400000000, 0x0000000800000000)
  region size 8192K, 1 young (8192K), 1 survivors (8192K)
 Metaspace       used 40327K, capacity 40705K, committed 41472K, reserved 1085440K
  class space    used 5497K, capacity 5585K, committed 5632K, reserved 1048576K
}
Event: 3.291 GC heap before
{Heap before GC invocations=10 (full 0):
 garbage-first heap   total 139264K, used 94368K [0x0000000400000000, 0x0000000800000000)
  region size 8192K, 10 young (81920K), 1 survivors (8192K)
 Metaspace       used 42018K, capacity 42355K, committed 43008K, reserved 1087488K
  class space    used 5794K, capacity 5879K, committed 5888K, reserved 1048576K
}
Event: 3.294 GC heap after
{Heap after GC invocations=11 (full 0):
 garbage-first heap   total 139264K, used 21046K [0x0000000400000000, 0x0000000800000000)
  region size 8192K, 1 young (8192K), 1 survivors (8192K)
 Metaspace       used 42018K, capacity 42355K, committed 43008K, reserved 1087488K
  class space    used 5794K, capacity 5879K, committed 5888K, reserved 1048576K
}
Event: 3.486 GC heap before
{Heap before GC invocations=11 (full 0):
 garbage-first heap   total 139264K, used 94774K [0x0000000400000000, 0x0000000800000000)
  region size 8192K, 10 young (81920K), 1 survivors (8192K)
 Metaspace       used 43383K, capacity 43737K, committed 44416K, reserved 1087488K
  class space    used 6114K, capacity 6232K, committed 6272K, reserved 1048576K
}
Event: 3.489 GC heap after
{Heap after GC invocations=12 (full 0):
 garbage-first heap   total 139264K, used 21462K [0x0000000400000000, 0x0000000800000000)
  region size 8192K, 1 young (8192K), 1 survivors (8192K)
 Metaspace       used 43383K, capacity 43737K, committed 44416K, reserved 1087488K
  class space    used 6114K, capacity 6232K, committed 6272K, reserved 1048576K
}
Event: 3.713 GC heap before
{Heap before GC invocations=12 (full 0):
 garbage-first heap   total 139264K, used 86998K [0x0000000400000000, 0x0000000800000000)
  region size 8192K, 10 young (81920K), 1 survivors (8192K)
 Metaspace       used 45039K, capacity 45415K, committed 46208K, reserved 1089536K
  class space    used 6417K, capacity 6528K, committed 6528K, reserved 1048576K
}
Event: 3.717 GC heap after
{Heap after GC invocations=13 (full 0):
 garbage-first heap   total 139264K, used 21610K [0x0000000400000000, 0x0000000800000000)
  region size 8192K, 1 young (8192K), 1 survivors (8192K)
 Metaspace       used 45039K, capacity 45415K, committed 46208K, reserved 1089536K
  class space    used 6417K, capacity 6528K, committed 6528K, reserved 1048576K
}
Event: 3.905 GC heap before
{Heap before GC invocations=13 (full 0):
 garbage-first heap   total 139264K, used 95338K [0x0000000400000000, 0x0000000800000000)
  region size 8192K, 10 young (81920K), 1 survivors (8192K)
 Metaspace       used 45941K, capacity 46317K, committed 47232K, reserved 1089536K
  class space    used 6606K, capacity 6721K, committed 6784K, reserved 1048576K
}
Event: 3.908 GC heap after
{Heap after GC invocations=14 (full 0):
 garbage-first heap   total 139264K, used 21954K [0x0000000400000000, 0x0000000800000000)
  region size 8192K, 1 young (8192K), 1 survivors (8192K)
 Metaspace       used 45941K, capacity 46317K, committed 47232K, reserved 1089536K
  class space    used 6606K, capacity 6721K, committed 6784K, reserved 1048576K
}

