# JRE version: OpenJDK Runtime Environment (11.0.11+9) (build 11.0.11+9-LTS)
# Java VM: OpenJDK 64-Bit Server VM (11.0.11+9-LTS, mixed mode, tiered, compressed oops, g1 gc, bsd-amd64)
Heap:
 garbage-first heap   total 659456K, used 91625K [0x0000000600000000, 0x0000000800000000)
  region size 2048K, 39 young (79872K), 11 survivors (22528K)
 Metaspace       used 102129K, capacity 106041K, committed 106240K, reserved 1140736K
  class space    used 13835K, capacity 15835K, committed 15872K, reserved 1048576K
GC Heap History (14 events):
Event: 1.110 GC heap before
{Heap before GC invocations=0 (full 0):
 garbage-first heap   total 524288K, used 24576K [0x0000000600000000, 0x0000000800000000)
  region size 2048K, 12 young (24576K), 0 survivors (0K)
 Metaspace       used 13047K, capacity 13372K, committed 13568K, reserved 1060864K
  class space    used 1346K, capacity 1470K, committed 1536K, reserved 1048576K
}
Event: 1.130 GC heap after
{Heap after GC invocations=1 (full 0):
 garbage-first heap   total 524288K, used 6247K [0x0000000600000000, 0x0000000800000000)
  region size 2048K, 2 young (4096K), 2 survivors (4096K)
 Metaspace       used 13047K, capacity 13372K, committed 13568K, reserved 1060864K
  class space    used 1346K, capacity 1470K, committed 1536K, reserved 1048576K
}
Event: 1.776 GC heap before
{Heap before GC invocations=1 (full 0):
 garbage-first heap   total 524288K, used 32871K [0x0000000600000000, 0x0000000800000000)
  region size 2048K, 16 young (32768K), 2 survivors (4096K)
 Metaspace       used 20647K, capacity 21003K, committed 21248K, reserved 1069056K
  class space    used 2364K, capacity 2514K, committed 2560K, reserved 1048576K
}
Event: 1.801 GC heap after
{Heap after GC invocations=2 (full 0):
 garbage-first heap   total 524288K, used 8240K [0x0000000600000000, 0x0000000800000000)
  region size 2048K, 3 young (6144K), 3 survivors (6144K)
 Metaspace       used 20647K, capacity 21003K, committed 21248K, reserved 1069056K
  class space    used 2364K, capacity 2514K, committed 2560K, reserved 1048576K
}
Event: 2.242 GC heap before
{Heap before GC invocations=3 (full 0):
 garbage-first heap   total 524288K, used 45104K [0x0000000600000000, 0x0000000800000000)
  region size 2048K, 21 young (43008K), 3 survivors (6144K)
 Metaspace       used 30364K, capacity 30868K, committed 31232K, reserved 1077248K
  class space    used 3570K, capacity 3779K, committed 3840K, reserved 1048576K
}
Event: 2.258 GC heap after
{Heap after GC invocations=4 (full 0):
 garbage-first heap   total 524288K, used 9644K [0x0000000600000000, 0x0000000800000000)
  region size 2048K, 2 young (4096K), 2 survivors (4096K)
 Metaspace       used 30364K, capacity 30868K, committed 31232K, reserved 1077248K
  class space    used 3570K, capacity 3779K, committed 3840K, reserved 1048576K
}
Event: 2.927 GC heap before
{Heap before GC invocations=4 (full 0):
 garbage-first heap   total 524288K, used 30124K [0x0000000600000000, 0x0000000800000000)
  region size 2048K, 13 young (26624K), 2 survivors (4096K)
 Metaspace       used 35049K, capacity 35686K, committed 35840K, reserved 1081344K
  class space    used 4199K, capacity 4501K, committed 4608K, reserved 1048576K
}
Event: 2.935 GC heap after
{Heap after GC invocations=5 (full 0):
 garbage-first heap   total 524288K, used 11229K [0x0000000600000000, 0x0000000800000000)
  region size 2048K, 3 young (6144K), 3 survivors (6144K)
 Metaspace       used 35049K, capacity 35686K, committed 35840K, reserved 1081344K
  class space    used 4199K, capacity 4501K, committed 4608K, reserved 1048576K
}
Event: 4.290 GC heap before
{Heap before GC invocations=6 (full 0):
 garbage-first heap   total 524288K, used 80861K [0x0000000600000000, 0x0000000800000000)
  region size 2048K, 37 young (75776K), 3 survivors (6144K)
 Metaspace       used 48109K, capacity 49112K, committed 49280K, reserved 1091584K
  class space    used 6024K, capacity 6473K, committed 6528K, reserved 1048576K
}
Event: 4.302 GC heap after
{Heap after GC invocations=7 (full 0):
 garbage-first heap   total 659456K, used 15913K [0x0000000600000000, 0x0000000800000000)
  region size 2048K, 5 young (10240K), 5 survivors (10240K)
 Metaspace       used 48109K, capacity 49112K, committed 49280K, reserved 1091584K
  class space    used 6024K, capacity 6473K, committed 6528K, reserved 1048576K
}
Event: 5.603 GC heap before
{Heap before GC invocations=7 (full 0):
 garbage-first heap   total 659456K, used 126505K [0x0000000600000000, 0x0000000800000000)
  region size 2048K, 60 young (122880K), 5 survivors (10240K)
 Metaspace       used 58720K, capacity 59764K, committed 60160K, reserved 1101824K
  class space    used 7247K, capacity 7733K, committed 7808K, reserved 1048576K
}
Event: 5.626 GC heap after
{Heap after GC invocations=8 (full 0):
 garbage-first heap   total 659456K, used 19663K [0x0000000600000000, 0x0000000800000000)
  region size 2048K, 6 young (12288K), 6 survivors (12288K)
 Metaspace       used 58720K, capacity 59764K, committed 60160K, reserved 1101824K
  class space    used 7247K, capacity 7733K, committed 7808K, reserved 1048576K
}
Event: 11.410 GC heap before
{Heap before GC invocations=9 (full 0):
 garbage-first heap   total 659456K, used 183503K [0x0000000600000000, 0x0000000800000000)
  region size 2048K, 87 young (178176K), 6 survivors (12288K)
 Metaspace       used 97149K, capacity 100520K, committed 100608K, reserved 1134592K
  class space    used 13061K, capacity 14772K, committed 14848K, reserved 1048576K
}
Event: 11.457 GC heap after
{Heap after GC invocations=10 (full 0):
 garbage-first heap   total 659456K, used 38377K [0x0000000600000000, 0x0000000800000000)
  region size 2048K, 11 young (22528K), 11 survivors (22528K)
 Metaspace       used 97149K, capacity 100520K, committed 100608K, reserved 1134592K
  class space    used 13061K, capacity 14772K, committed 14848K, reserved 1048576K
}

