# JRE version: OpenJDK Runtime Environment (12.0.2+10) (build 12.0.2+10)
# Java VM: OpenJDK 64-Bit Server VM (12.0.2+10, mixed mode, sharing, tiered, compressed oops, g1 gc, bsd-amd64)
Heap:
 garbage-first heap   total 81920K, used 18586K [0x0000000400000000, 0x0000000800000000)
  region size 4096K, 3 young (12288K), 1 survivors (4096K)
 Metaspace       used 28441K, capacity 29887K, committed 30080K, reserved 1075200K
  class space    used 3884K, capacity 4622K, committed 4736K, reserved 1048576K
GC Heap History (8 events):
Event: 0.538 GC heap before
{Heap before GC invocations=0 (full 0):
 garbage-first heap   total 1056768K, used 48864K [0x0000000400000000, 0x0000000800000000)
  region size 4096K, 12 young (49152K), 0 survivors (0K)
 Metaspace       used 8282K, capacity 11506K, committed 11648K, reserved 1058816K
  class space    used 997K, capacity 1391K, committed 1408K, reserved 1048576K
}
Event: 0.547 GC heap after
{Heap after GC invocations=1 (full 0):
 garbage-first heap   total 1056768K, used 10581K [0x0000000400000000, 0x0000000800000000)
  region size 4096K, 2 young (8192K), 2 survivors (8192K)
 Metaspace       used 8282K, capacity 11506K, committed 11648K, reserved 1058816K
  class space    used 997K, capacity 1391K, committed 1408K, reserved 1048576K
}
Event: 1.164 GC heap before
{Heap before GC invocations=1 (full 0):
 garbage-first heap   total 1056768K, used 51541K [0x0000000400000000, 0x0000000800000000)
  region size 4096K, 12 young (49152K), 2 survivors (8192K)
 Metaspace       used 15034K, capacity 17362K, committed 17536K, reserved 1064960K
  class space    used 1736K, capacity 2117K, committed 2176K, reserved 1048576K
}
Event: 1.167 GC heap after
{Heap after GC invocations=2 (full 0):
 garbage-first heap   total 1056768K, used 12280K [0x0000000400000000, 0x0000000800000000)
  region size 4096K, 1 young (4096K), 1 survivors (4096K)
 Metaspace       used 15034K, capacity 17362K, committed 17536K, reserved 1064960K
  class space    used 1736K, capacity 2117K, committed 2176K, reserved 1048576K
}
Event: 1.366 GC heap before
{Heap before GC invocations=2 (full 0):
 garbage-first heap   total 1056768K, used 28664K [0x0000000400000000, 0x0000000800000000)
  region size 4096K, 6 young (24576K), 1 survivors (4096K)
 Metaspace       used 18845K, capacity 21149K, committed 21248K, reserved 1067008K
  class space    used 2371K, capacity 2979K, committed 3072K, reserved 1048576K
}
Event: 1.368 GC heap after
{Heap after GC invocations=3 (full 0):
 garbage-first heap   total 1056768K, used 12796K [0x0000000400000000, 0x0000000800000000)
  region size 4096K, 1 young (4096K), 1 survivors (4096K)
 Metaspace       used 18845K, capacity 21149K, committed 21248K, reserved 1067008K
  class space    used 2371K, capacity 2979K, committed 3072K, reserved 1048576K
}
Event: 8.858 GC heap before
{Heap before GC invocations=4 (full 0):
 garbage-first heap   total 81920K, used 57852K [0x0000000400000000, 0x0000000800000000)
  region size 4096K, 12 young (49152K), 1 survivors (4096K)
 Metaspace       used 27076K, capacity 28374K, committed 28416K, reserved 1073152K
  class space    used 3651K, capacity 4341K, committed 4352K, reserved 1048576K
}
Event: 8.861 GC heap after
{Heap after GC invocations=5 (full 0):
 garbage-first heap   total 81920K, used 14490K [0x0000000400000000, 0x0000000800000000)
  region size 4096K, 1 young (4096K), 1 survivors (4096K)
 Metaspace       used 27076K, capacity 28374K, committed 28416K, reserved 1073152K
  class space    used 3651K, capacity 4341K, committed 4352K, reserved 1048576K
}

