# JRE version: OpenJDK Runtime Environment (12.0.2+10) (build 12.0.2+10)
# Java VM: OpenJDK 64-Bit Server VM (12.0.2+10, mixed mode, sharing, tiered, compressed oops, g1 gc, bsd-amd64)
Heap:
 garbage-first heap   total 69632K, used 36583K [0x0000000400000000, 0x0000000800000000)
  region size 4096K, 8 young (32768K), 1 survivors (4096K)
 Metaspace       used 39194K, capacity 41228K, committed 41600K, reserved 1083392K
  class space    used 5714K, capacity 6651K, committed 6784K, reserved 1048576K
GC Heap History (10 events):
Event: 2.533 GC heap before
{Heap before GC invocations=6 (full 0):
 garbage-first heap   total 69632K, used 38792K [0x0000000400000000, 0x0000000800000000)
  region size 4096K, 8 young (32768K), 1 survivors (4096K)
 Metaspace       used 28374K, capacity 29869K, committed 30080K, reserved 1075200K
  class space    used 4059K, capacity 4666K, committed 4736K, reserved 1048576K
}
Event: 2.534 GC heap after
{Heap after GC invocations=7 (full 0):
 garbage-first heap   total 69632K, used 14253K [0x0000000400000000, 0x0000000800000000)
  region size 4096K, 1 young (4096K), 1 survivors (4096K)
 Metaspace       used 28374K, capacity 29869K, committed 30080K, reserved 1075200K
  class space    used 4059K, capacity 4666K, committed 4736K, reserved 1048576K
}
Event: 2.696 GC heap before
{Heap before GC invocations=7 (full 0):
 garbage-first heap   total 69632K, used 38829K [0x0000000400000000, 0x0000000800000000)
  region size 4096K, 8 young (32768K), 1 survivors (4096K)
 Metaspace       used 29443K, capacity 30986K, committed 31104K, reserved 1075200K
  class space    used 4279K, capacity 4905K, committed 4992K, reserved 1048576K
}
Event: 2.697 GC heap after
{Heap after GC invocations=8 (full 0):
 garbage-first heap   total 69632K, used 14597K [0x0000000400000000, 0x0000000800000000)
  region size 4096K, 1 young (4096K), 1 survivors (4096K)
 Metaspace       used 29443K, capacity 30986K, committed 31104K, reserved 1075200K
  class space    used 4279K, capacity 4905K, committed 4992K, reserved 1048576K
}
Event: 2.881 GC heap before
{Heap before GC invocations=8 (full 0):
 garbage-first heap   total 69632K, used 30981K [0x0000000400000000, 0x0000000800000000)
  region size 4096K, 6 young (24576K), 1 survivors (4096K)
 Metaspace       used 33610K, capacity 35321K, committed 35584K, reserved 1079296K
  class space    used 4918K, capacity 5738K, committed 5888K, reserved 1048576K
}
Event: 2.883 GC heap after
{Heap after GC invocations=9 (full 0):
 garbage-first heap   total 69632K, used 14942K [0x0000000400000000, 0x0000000800000000)
  region size 4096K, 1 young (4096K), 1 survivors (4096K)
 Metaspace       used 33610K, capacity 35321K, committed 35584K, reserved 1079296K
  class space    used 4918K, capacity 5738K, committed 5888K, reserved 1048576K
}
Event: 3.041 GC heap before
{Heap before GC invocations=10 (full 0):
 garbage-first heap   total 69632K, used 43614K [0x0000000400000000, 0x0000000800000000)
  region size 4096K, 8 young (32768K), 1 survivors (4096K)
 Metaspace       used 36101K, capacity 37926K, committed 38272K, reserved 1081344K
  class space    used 5259K, capacity 6124K, committed 6272K, reserved 1048576K
}
Event: 3.043 GC heap after
{Heap after GC invocations=11 (full 0):
 garbage-first heap   total 69632K, used 15598K [0x0000000400000000, 0x0000000800000000)
  region size 4096K, 1 young (4096K), 1 survivors (4096K)
 Metaspace       used 36101K, capacity 37926K, committed 38272K, reserved 1081344K
  class space    used 5259K, capacity 6124K, committed 6272K, reserved 1048576K
}
Event: 3.206 GC heap before
{Heap before GC invocations=11 (full 0):
 garbage-first heap   total 69632K, used 44270K [0x0000000400000000, 0x0000000800000000)
  region size 4096K, 8 young (32768K), 1 survivors (4096K)
 Metaspace       used 36991K, capacity 38809K, committed 39040K, reserved 1081344K
  class space    used 5362K, capacity 6213K, committed 6272K, reserved 1048576K
}
Event: 3.208 GC heap after
{Heap after GC invocations=12 (full 0):
 garbage-first heap   total 69632K, used 16103K [0x0000000400000000, 0x0000000800000000)
  region size 4096K, 1 young (4096K), 1 survivors (4096K)
 Metaspace       used 36991K, capacity 38809K, committed 39040K, reserved 1081344K
  class space    used 5362K, capacity 6213K, committed 6272K, reserved 1048576K
}

