# JRE version: OpenJDK Runtime Environment (11.0.11+9) (build 11.0.11+9-LTS)
# Java VM: OpenJDK 64-Bit Server VM (11.0.11+9-LTS, mixed mode, tiered, compressed oops, g1 gc, bsd-amd64)
Heap:
 garbage-first heap   total 630784K, used 154282K [0x0000000600000000, 0x0000000800000000)
  region size 2048K, 71 young (145408K), 12 survivors (24576K)
 Metaspace       used 100033K, capacity 103848K, committed 104056K, reserved 1138688K
  class space    used 13421K, capacity 15358K, committed 15480K, reserved 1048576K
GC Heap History (14 events):
Event: 1.056 GC heap before
{Heap before GC invocations=0 (full 0):
 garbage-first heap   total 524288K, used 24576K [0x0000000600000000, 0x0000000800000000)
  region size 2048K, 12 young (24576K), 0 survivors (0K)
 Metaspace       used 13075K, capacity 13376K, committed 13568K, reserved 1060864K
  class space    used 1356K, capacity 1470K, committed 1536K, reserved 1048576K
}
Event: 1.072 GC heap after
{Heap after GC invocations=1 (full 0):
 garbage-first heap   total 524288K, used 6198K [0x0000000600000000, 0x0000000800000000)
  region size 2048K, 2 young (4096K), 2 survivors (4096K)
 Metaspace       used 13075K, capacity 13376K, committed 13568K, reserved 1060864K
  class space    used 1356K, capacity 1470K, committed 1536K, reserved 1048576K
}
Event: 1.808 GC heap before
{Heap before GC invocations=1 (full 0):
 garbage-first heap   total 524288K, used 32822K [0x0000000600000000, 0x0000000800000000)
  region size 2048K, 16 young (32768K), 2 survivors (4096K)
 Metaspace       used 20607K, capacity 21002K, committed 21248K, reserved 1069056K
  class space    used 2353K, capacity 2511K, committed 2560K, reserved 1048576K
}
Event: 1.825 GC heap after
{Heap after GC invocations=2 (full 0):
 garbage-first heap   total 524288K, used 8106K [0x0000000600000000, 0x0000000800000000)
  region size 2048K, 3 young (6144K), 3 survivors (6144K)
 Metaspace       used 20607K, capacity 21002K, committed 21248K, reserved 1069056K
  class space    used 2353K, capacity 2511K, committed 2560K, reserved 1048576K
}
Event: 2.227 GC heap before
{Heap before GC invocations=3 (full 0):
 garbage-first heap   total 524288K, used 42922K [0x0000000600000000, 0x0000000800000000)
  region size 2048K, 21 young (43008K), 3 survivors (6144K)
 Metaspace       used 30316K, capacity 30890K, committed 31488K, reserved 1077248K
  class space    used 3558K, capacity 3763K, committed 3840K, reserved 1048576K
}
Event: 2.237 GC heap after
{Heap after GC invocations=4 (full 0):
 garbage-first heap   total 524288K, used 9620K [0x0000000600000000, 0x0000000800000000)
  region size 2048K, 2 young (4096K), 2 survivors (4096K)
 Metaspace       used 30316K, capacity 30890K, committed 31488K, reserved 1077248K
  class space    used 3558K, capacity 3763K, committed 3840K, reserved 1048576K
}
Event: 2.941 GC heap before
{Heap before GC invocations=4 (full 0):
 garbage-first heap   total 524288K, used 28052K [0x0000000600000000, 0x0000000800000000)
  region size 2048K, 13 young (26624K), 2 survivors (4096K)
 Metaspace       used 35038K, capacity 35722K, committed 35840K, reserved 1081344K
  class space    used 4195K, capacity 4469K, committed 4480K, reserved 1048576K
}
Event: 2.949 GC heap after
{Heap after GC invocations=5 (full 0):
 garbage-first heap   total 524288K, used 11291K [0x0000000600000000, 0x0000000800000000)
  region size 2048K, 3 young (6144K), 3 survivors (6144K)
 Metaspace       used 35038K, capacity 35722K, committed 35840K, reserved 1081344K
  class space    used 4195K, capacity 4469K, committed 4480K, reserved 1048576K
}
Event: 4.091 GC heap before
{Heap before GC invocations=6 (full 0):
 garbage-first heap   total 524288K, used 80923K [0x0000000600000000, 0x0000000800000000)
  region size 2048K, 37 young (75776K), 3 survivors (6144K)
 Metaspace       used 48126K, capacity 49118K, committed 49280K, reserved 1091584K
  class space    used 6025K, capacity 6473K, committed 6528K, reserved 1048576K
}
Event: 4.107 GC heap after
{Heap after GC invocations=7 (full 0):
 garbage-first heap   total 630784K, used 15858K [0x0000000600000000, 0x0000000800000000)
  region size 2048K, 5 young (10240K), 5 survivors (10240K)
 Metaspace       used 48126K, capacity 49118K, committed 49280K, reserved 1091584K
  class space    used 6025K, capacity 6473K, committed 6528K, reserved 1048576K
}
Event: 5.057 GC heap before
{Heap before GC invocations=7 (full 0):
 garbage-first heap   total 630784K, used 126450K [0x0000000600000000, 0x0000000800000000)
  region size 2048K, 60 young (122880K), 5 survivors (10240K)
 Metaspace       used 58307K, capacity 59690K, committed 59904K, reserved 1101824K
  class space    used 7405K, capacity 8160K, committed 8192K, reserved 1048576K
}
Event: 5.071 GC heap after
{Heap after GC invocations=8 (full 0):
 garbage-first heap   total 630784K, used 17492K [0x0000000600000000, 0x0000000800000000)
  region size 2048K, 5 young (10240K), 5 survivors (10240K)
 Metaspace       used 58307K, capacity 59690K, committed 59904K, reserved 1101824K
  class space    used 7405K, capacity 8160K, committed 8192K, reserved 1048576K
}
Event: 10.667 GC heap before
{Heap before GC invocations=9 (full 0):
 garbage-first heap   total 630784K, used 175188K [0x0000000600000000, 0x0000000800000000)
  region size 2048K, 82 young (167936K), 5 survivors (10240K)
 Metaspace       used 96588K, capacity 100140K, committed 100224K, reserved 1134592K
  class space    used 13127K, capacity 14929K, committed 14976K, reserved 1048576K
}
Event: 10.696 GC heap after
{Heap after GC invocations=10 (full 0):
 garbage-first heap   total 630784K, used 35498K [0x0000000600000000, 0x0000000800000000)
  region size 2048K, 12 young (24576K), 12 survivors (24576K)
 Metaspace       used 96588K, capacity 100140K, committed 100224K, reserved 1134592K
  class space    used 13127K, capacity 14929K, committed 14976K, reserved 1048576K
}

